<?xml version="1.0" encoding="UTF-8"?>
<coverage generated="1721945086288" clover="3.2.0">
  <project timestamp="1721945086288" name="All files">
    <metrics statements="25" coveredstatements="25" conditionals="10" coveredconditionals="10" methods="4" coveredmethods="4" elements="39" coveredelements="39" complexity="0" loc="25" ncloc="25" packages="1" files="1" classes="1"/>
    <file name="index.js" path="/Users/hocianwade/Documents/GitHub/morseley/index.js">
      <metrics statements="25" coveredstatements="25" conditionals="10" coveredconditionals="10" methods="4" coveredmethods="4"/>
      <line num="1" count="2" type="stmt"/>
      <line num="59" count="2" type="stmt"/>
      <line num="118" count="1" type="stmt"/>
      <line num="122" count="1" type="stmt"/>
      <line num="126" count="6" type="stmt"/>
      <line num="128" count="6" type="cond" truecount="2" falsecount="0"/>
      <line num="129" count="1" type="stmt"/>
      <line num="132" count="6" type="stmt"/>
      <line num="133" count="62" type="stmt"/>
      <line num="135" count="6" type="cond" truecount="2" falsecount="0"/>
      <line num="136" count="1" type="stmt"/>
      <line num="138" count="5" type="stmt"/>
      <line num="142" count="6" type="stmt"/>
      <line num="144" count="6" type="stmt"/>
      <line num="145" count="3" type="stmt"/>
      <line num="148" count="6" type="stmt"/>
      <line num="149" count="2" type="stmt"/>
      <line num="152" count="6" type="stmt"/>
      <line num="153" count="6" type="stmt"/>
      <line num="154" count="34" type="stmt"/>
      <line num="155" count="34" type="cond" truecount="2" falsecount="0"/>
      <line num="156" count="1" type="stmt"/>
      <line num="160" count="5" type="cond" truecount="2" falsecount="0"/>
      <line num="161" count="5" type="stmt"/>
      <line num="164" count="2" type="stmt"/>
    </file>
  </project>
</coverage>
