<?xml version="1.0" encoding="UTF-8"?>
<coverage generated="1721696588438" clover="3.2.0">
  <project timestamp="1721696588438" name="All files">
    <metrics statements="21" coveredstatements="18" conditionals="10" coveredconditionals="8" methods="3" coveredmethods="3" elements="34" coveredelements="29" complexity="0" loc="21" ncloc="21" packages="1" files="1" classes="1"/>
    <file name="index.js" path="/Users/hocianwade/Documents/GitHub/morseley/index.js">
      <metrics statements="21" coveredstatements="18" conditionals="10" coveredconditionals="8" methods="3" coveredmethods="3"/>
      <line num="1" count="2" type="stmt"/>
      <line num="59" count="2" type="stmt"/>
      <line num="60" count="110" type="stmt"/>
      <line num="64" count="3" type="stmt"/>
      <line num="65" count="3" type="cond" truecount="2" falsecount="0"/>
      <line num="66" count="0" type="stmt"/>
      <line num="68" count="3" type="stmt"/>
      <line num="70" count="3" type="stmt"/>
      <line num="71" count="38" type="stmt"/>
      <line num="73" count="3" type="cond" truecount="1" falsecount="1"/>
      <line num="74" count="0" type="stmt"/>
      <line num="76" count="3" type="stmt"/>
      <line num="80" count="3" type="stmt"/>
      <line num="81" count="3" type="stmt"/>
      <line num="83" count="3" type="stmt"/>
      <line num="84" count="17" type="stmt"/>
      <line num="86" count="3" type="cond" truecount="1" falsecount="1"/>
      <line num="87" count="0" type="stmt"/>
      <line num="89" count="3" type="cond" truecount="2" falsecount="0"/>
      <line num="90" count="3" type="stmt"/>
      <line num="93" count="2" type="stmt"/>
    </file>
  </project>
</coverage>
