{"/Users/hocianwade/Documents/GitHub/morseley/index.js": {"path":"/Users/hocianwade/Documents/GitHub/morseley/index.js","statementMap":{"0":{"start":{"line":1,"column":24},"end":{"line":57,"column":1}},"1":{"start":{"line":59,"column":32},"end":{"line":61,"column":1}},"2":{"start":{"line":60,"column":58},"end":{"line":60,"column":70}},"3":{"start":{"line":64,"column":17},"end":{"line":64,"column":19}},"4":{"start":{"line":65,"column":4},"end":{"line":67,"column":5}},"5":{"start":{"line":66,"column":8},"end":{"line":66,"column":38}},"6":{"start":{"line":68,"column":4},"end":{"line":68,"column":22}},"7":{"start":{"line":70,"column":4},"end":{"line":72,"column":5}},"8":{"start":{"line":70,"column":17},"end":{"line":70,"column":18}},"9":{"start":{"line":71,"column":8},"end":{"line":71,"column":63}},"10":{"start":{"line":73,"column":4},"end":{"line":75,"column":5}},"11":{"start":{"line":74,"column":8},"end":{"line":74,"column":110}},"12":{"start":{"line":76,"column":4},"end":{"line":76,"column":25}},"13":{"start":{"line":80,"column":17},"end":{"line":80,"column":19}},"14":{"start":{"line":81,"column":20},"end":{"line":81,"column":42}},"15":{"start":{"line":83,"column":4},"end":{"line":85,"column":5}},"16":{"start":{"line":83,"column":17},"end":{"line":83,"column":18}},"17":{"start":{"line":84,"column":8},"end":{"line":84,"column":56}},"18":{"start":{"line":86,"column":4},"end":{"line":88,"column":5}},"19":{"start":{"line":87,"column":8},"end":{"line":87,"column":124}},"20":{"start":{"line":89,"column":4},"end":{"line":89,"column":56}},"21":{"start":{"line":90,"column":4},"end":{"line":90,"column":24}},"22":{"start":{"line":93,"column":0},"end":{"line":93,"column":33}}},"fnMap":{"0":{"name":"(anonymous_0)","decl":{"start":{"line":60,"column":40},"end":{"line":60,"column":41}},"loc":{"start":{"line":60,"column":58},"end":{"line":60,"column":70}},"line":60},"1":{"name":"encode","decl":{"start":{"line":63,"column":9},"end":{"line":63,"column":15}},"loc":{"start":{"line":63,"column":42},"end":{"line":77,"column":1}},"line":63},"2":{"name":"decode","decl":{"start":{"line":79,"column":9},"end":{"line":79,"column":15}},"loc":{"start":{"line":79,"column":41},"end":{"line":91,"column":1}},"line":79}},"branchMap":{"0":{"loc":{"start":{"line":63,"column":22},"end":{"line":63,"column":40}},"type":"default-arg","locations":[{"start":{"line":63,"column":35},"end":{"line":63,"column":40}}],"line":63},"1":{"loc":{"start":{"line":65,"column":11},"end":{"line":65,"column":47}},"type":"binary-expr","locations":[{"start":{"line":65,"column":11},"end":{"line":65,"column":24}},{"start":{"line":65,"column":28},"end":{"line":65,"column":47}}],"line":65},"2":{"loc":{"start":{"line":73,"column":4},"end":{"line":75,"column":5}},"type":"if","locations":[{"start":{"line":73,"column":4},"end":{"line":75,"column":5}},{"start":{},"end":{}}],"line":73},"3":{"loc":{"start":{"line":79,"column":22},"end":{"line":79,"column":39}},"type":"default-arg","locations":[{"start":{"line":79,"column":34},"end":{"line":79,"column":39}}],"line":79},"4":{"loc":{"start":{"line":86,"column":4},"end":{"line":88,"column":5}},"type":"if","locations":[{"start":{"line":86,"column":4},"end":{"line":88,"column":5}},{"start":{},"end":{}}],"line":86},"5":{"loc":{"start":{"line":89,"column":13},"end":{"line":89,"column":56}},"type":"cond-expr","locations":[{"start":{"line":89,"column":26},"end":{"line":89,"column":46}},{"start":{"line":89,"column":50},"end":{"line":89,"column":56}}],"line":89}},"s":{"0":2,"1":2,"2":110,"3":3,"4":3,"5":0,"6":3,"7":3,"8":3,"9":38,"10":3,"11":0,"12":3,"13":3,"14":3,"15":3,"16":3,"17":17,"18":3,"19":0,"20":3,"21":3,"22":2},"f":{"0":110,"1":3,"2":3},"b":{"0":[1],"1":[3,1],"2":[0,3],"3":[1],"4":[0,3],"5":[2,1]},"_coverageSchema":"1a1c01bbd47fc00a2c39e90264f33305004495a9","hash":"208a257fb26958b3f95433ea25077baa43883076"}
}
