{"/Users/hocianwade/Documents/GitHub/morseley/index.js": {"path":"/Users/hocianwade/Documents/GitHub/morseley/index.js","statementMap":{"0":{"start":{"line":1,"column":24},"end":{"line":57,"column":1}},"1":{"start":{"line":59,"column":32},"end":{"line":115,"column":1}},"2":{"start":{"line":118,"column":4},"end":{"line":118,"column":121}},"3":{"start":{"line":122,"column":4},"end":{"line":122,"column":106}},"4":{"start":{"line":126,"column":17},"end":{"line":126,"column":25}},"5":{"start":{"line":128,"column":4},"end":{"line":130,"column":5}},"6":{"start":{"line":129,"column":8},"end":{"line":129,"column":46}},"7":{"start":{"line":132,"column":4},"end":{"line":134,"column":5}},"8":{"start":{"line":132,"column":17},"end":{"line":132,"column":18}},"9":{"start":{"line":133,"column":8},"end":{"line":133,"column":63}},"10":{"start":{"line":135,"column":4},"end":{"line":137,"column":5}},"11":{"start":{"line":136,"column":8},"end":{"line":136,"column":28}},"12":{"start":{"line":138,"column":4},"end":{"line":138,"column":25}},"13":{"start":{"line":142,"column":17},"end":{"line":142,"column":19}},"14":{"start":{"line":144,"column":4},"end":{"line":146,"column":5}},"15":{"start":{"line":145,"column":8},"end":{"line":145,"column":42}},"16":{"start":{"line":148,"column":4},"end":{"line":150,"column":5}},"17":{"start":{"line":149,"column":8},"end":{"line":149,"column":43}},"18":{"start":{"line":152,"column":20},"end":{"line":152,"column":42}},"19":{"start":{"line":153,"column":4},"end":{"line":158,"column":5}},"20":{"start":{"line":153,"column":17},"end":{"line":153,"column":18}},"21":{"start":{"line":154,"column":8},"end":{"line":154,"column":56}},"22":{"start":{"line":155,"column":8},"end":{"line":157,"column":9}},"23":{"start":{"line":156,"column":12},"end":{"line":156,"column":32}},"24":{"start":{"line":160,"column":4},"end":{"line":160,"column":59}},"25":{"start":{"line":161,"column":4},"end":{"line":161,"column":25}},"26":{"start":{"line":164,"column":0},"end":{"line":164,"column":45}}},"fnMap":{"0":{"name":"throwDecoderError","decl":{"start":{"line":117,"column":9},"end":{"line":117,"column":26}},"loc":{"start":{"line":117,"column":29},"end":{"line":119,"column":1}},"line":117},"1":{"name":"throwEncoderError","decl":{"start":{"line":121,"column":9},"end":{"line":121,"column":26}},"loc":{"start":{"line":121,"column":29},"end":{"line":123,"column":1}},"line":121},"2":{"name":"encodeMorse","decl":{"start":{"line":125,"column":9},"end":{"line":125,"column":20}},"loc":{"start":{"line":125,"column":49},"end":{"line":139,"column":1}},"line":125},"3":{"name":"decodeMorse","decl":{"start":{"line":141,"column":9},"end":{"line":141,"column":20}},"loc":{"start":{"line":141,"column":46},"end":{"line":162,"column":1}},"line":141}},"branchMap":{"0":{"loc":{"start":{"line":125,"column":27},"end":{"line":125,"column":47}},"type":"default-arg","locations":[{"start":{"line":125,"column":42},"end":{"line":125,"column":47}}],"line":125},"1":{"loc":{"start":{"line":128,"column":11},"end":{"line":128,"column":47}},"type":"binary-expr","locations":[{"start":{"line":128,"column":11},"end":{"line":128,"column":24}},{"start":{"line":128,"column":28},"end":{"line":128,"column":47}}],"line":128},"2":{"loc":{"start":{"line":135,"column":4},"end":{"line":137,"column":5}},"type":"if","locations":[{"start":{"line":135,"column":4},"end":{"line":137,"column":5}},{"start":{},"end":{}}],"line":135},"3":{"loc":{"start":{"line":141,"column":27},"end":{"line":141,"column":44}},"type":"default-arg","locations":[{"start":{"line":141,"column":39},"end":{"line":141,"column":44}}],"line":141},"4":{"loc":{"start":{"line":155,"column":8},"end":{"line":157,"column":9}},"type":"if","locations":[{"start":{"line":155,"column":8},"end":{"line":157,"column":9}},{"start":{},"end":{}}],"line":155},"5":{"loc":{"start":{"line":160,"column":14},"end":{"line":160,"column":57}},"type":"cond-expr","locations":[{"start":{"line":160,"column":27},"end":{"line":160,"column":47}},{"start":{"line":160,"column":51},"end":{"line":160,"column":57}}],"line":160}},"s":{"0":2,"1":2,"2":1,"3":1,"4":6,"5":6,"6":1,"7":6,"8":6,"9":62,"10":6,"11":1,"12":5,"13":6,"14":6,"15":3,"16":6,"17":2,"18":6,"19":6,"20":6,"21":34,"22":34,"23":1,"24":5,"25":5,"26":2},"f":{"0":1,"1":1,"2":6,"3":6},"b":{"0":[2],"1":[7,5],"2":[1,5],"3":[1],"4":[1,33],"5":[4,1]},"_coverageSchema":"1a1c01bbd47fc00a2c39e90264f33305004495a9","hash":"37fca389d06ec44cad61189b4b0f2557a407618e"}
}
