TN:
SF:index.js
FN:117,throwDecoderError
FN:121,throwEncoderError
FN:125,encodeMorse
FN:141,decodeMorse
FNF:4
FNH:4
FNDA:1,throwDecoderError
FNDA:1,throwEncoderError
FNDA:6,encodeMorse
FNDA:6,decodeMorse
DA:1,2
DA:59,2
DA:118,1
DA:122,1
DA:126,6
DA:128,6
DA:129,1
DA:132,6
DA:133,62
DA:135,6
DA:136,1
DA:138,5
DA:142,6
DA:144,6
DA:145,3
DA:148,6
DA:149,2
DA:152,6
DA:153,6
DA:154,34
DA:155,34
DA:156,1
DA:160,5
DA:161,5
DA:164,2
LF:25
LH:25
BRDA:125,0,0,2
BRDA:128,1,0,7
BRDA:128,1,1,5
BRDA:135,2,0,1
BRDA:135,2,1,5
BRDA:141,3,0,1
BRDA:155,4,0,1
BRDA:155,4,1,33
BRDA:160,5,0,4
BRDA:160,5,1,1
BRF:10
BRH:10
end_of_record
